./hello.js: a /bin/env node script, UTF-8 Unicode text executable
./makeclean.sh: Bourne-Again shell script, UTF-8 Unicode text executable
./Makefile: UTF-8 Unicode text
./crlfcheck.sh: Bourne-Again shell script, UTF-8 Unicode text executable
./sample.js: a /usr/bin/env node script, UTF-8 Unicode text executable
./README.md: ASCII text
./pg.sh: Bourne-Again shell script, UTF-8 Unicode text executable
./.git/info/exclude: ASCII text
./.git/HEAD: ASCII text
./.git/refs/heads/master: ASCII text
./.git/refs/remotes/origin/HEAD: ASCII text
./.git/refs/remotes/origin/master: ASCII text
./.git/config: ASCII text
./.git/objects/e0/0cee6d64424728a54934b6f02c49c34379b295: VAX COFF executable not stripped - version 18358
./.git/objects/f2/7d5d2ef1ac85c500d76135f73e91e05cd13d19: VAX COFF executable not stripped
./.git/objects/f3/9118910d016b134c478037d6f2b950fceba0b9: VAX COFF executable not stripped - version 28707
./.git/objects/f5/643de818b343fdcd64926feca250c42e36c69e: VAX COFF executable not stripped - version 18690
./.git/objects/87/e407027bf2e9dbc9083b249db6827333f17edc: VAX COFF executable not stripped
./.git/objects/15/551e44a325ae2a4e0c3ae3921bf3ce59959bab: VAX COFF executable not stripped - version 30193
./.git/objects/78/f32f50cd1694d9418a01d8e9a9b2b851bb3b74: VAX COFF executable
./.git/objects/6b/a17486f7d89adacdd074c6cd9f664375f5d1f6: VAX COFF executable - version 21216
./.git/objects/9c/3e7538fce37f29170d6343923c79c8b69acd65: VAX COFF executable not stripped
./.git/objects/73/5bdc3eb6564a3085051f7fcdd88bb6fa18eaed: VAX COFF executable not stripped - version 30193
./.git/objects/d6/84af386007c697571e21909bd637e365754f74: VAX COFF executable not stripped
./.git/objects/98/a522935828d1874ae4ea9b68945b9cf64b8baf: VAX COFF executable not stripped - version 30193
./.git/objects/a9/f623b033e4826cccc632f510d9b5e62685dbc5: VAX COFF executable not stripped
./.git/objects/1e/5de3be40be8f214e3c8a88cad3860adccab1af: VAX COFF executable - version 13445
./.git/objects/92/6ddf052bdbaa16f402011d4ef425c85bed9a30: VAX COFF executable - version 2595
./.git/objects/0e/373f3968372868740181735551f78f399c5bf6: VAX COFF executable - version 29200
./.git/objects/8e/be2b9536aea85fc7837aaf433c3a03f3624145: VAX COFF executable - version 21992
./.git/objects/8e/16b3b26cd516060821204faa7a12e722a129f4: VAX COFF executable not stripped
./.git/objects/58/1f8bb55298c7cb6c425659e81851af87a68dd8: VAX COFF executable not stripped
./.git/objects/58/94aa7f775cbadea1e9a8a33dc18990c51f10c3: VAX COFF executable not stripped
./.git/objects/6f/e2f1563f85d14aa7229c37398460ba2997675f: VAX COFF executable not stripped - version 19392
./.git/objects/81/764216dd6085fbe5fc2abc7109f6a7fcc429dc: VAX COFF executable not stripped
./.git/objects/81/6d72c4ba757d86ab799ad36684cc1c39210f66: VAX COFF executable not stripped
./.git/objects/83/32a2549da1deaa13e0920c406f171117cb5143: VAX COFF executable not stripped - version 27756
./.git/objects/e3/afbe4d3a6e8b893e1c56f1c89b4349b4b8bd7a: VAX COFF executable not stripped
./.git/objects/e6/5c60a46039b5bc59603bf41beebae4e7407c4d: VAX COFF executable not stripped
./.git/objects/14/7c25f0fb6ac70092a49d7b5d654eaaf8825941: VAX COFF executable - version 8484
./.git/objects/8f/407c4f58d6f7e55770bde06a4173b57a22b4ab: VAX COFF executable not stripped
./.git/objects/16/bb5a8c4b26f2f1f61b3d9ae5f8f1c279c547e0: VAX COFF executable not stripped - version 18498
./.git/objects/2e/6ff322c3d8cdf14b5c19ba5a3513c328cff56d: VAX COFF executable - version 16972
./.git/objects/01/2911646cad18e9c66ed1c1afd3557e64e957e1: VAX COFF executable not stripped
./.git/objects/4d/563a7b5a27b61b83b06b38999e346b080c5733: VAX COFF executable - version 21216
./.git/objects/2a/3df30b92ef8753800eb7e9ea98454d109c795e: VAX COFF executable
./.git/objects/90/1379e1e8e00d6bf33836e78f7e77592851ca54: VAX COFF executable not stripped - version 17746
./.git/objects/33/1f5f71f37c6833f1e784654fb32c5139c82d23: VAX COFF executable not stripped
./.git/objects/9a/efb766f57c1c73e72cf4f1235f8aacb442ed97: VAX COFF executable
./.git/objects/46/cc3012fbcea64c2efaa5928a81f8b731ee5f05: VAX COFF executable not stripped - version 13065
./.git/objects/00/a4c72b55c0c1214776a808ff4b83619839b4fa: VAX COFF executable not stripped - version 12238
./.git/objects/86/d6ee55b59daf49ec87ce9da18dd1745be3854b: VAX COFF executable not stripped - version 30193
./.git/objects/21/f523e6f3dcc105179c9822a91eff30e64bef3b: VAX COFF executable not stripped - version 14235
./.git/objects/5f/2ef692edfd14e8baaba7c8ee32bcd8c905dacf: VAX COFF executable not stripped
./.git/objects/5a/25e48b26558fb81af449a082ffe8209270d793: VAX COFF executable not stripped
./.git/objects/65/b0b5546092b9fcc48805f95f9647175cfadd4f: VAX COFF executable not stripped - version 30193
./.git/objects/03/3bc9602fb506b51d7eaad6c925490ae5ed079c: VAX COFF executable not stripped
./.git/objects/d8/3c3ce8f3899c5cc7f302bc27bc73a2094d0bd9: VAX COFF executable not stripped - version 30193
./.git/objects/6a/7bb843d3a24ebe8ed4871e2ba944c33158303f: VAX COFF executable not stripped
./.git/objects/9f/b58354a88d874d9f846108bac770a6224f31e0: VAX COFF executable not stripped
./.git/objects/6e/f592c9b53e86e86d8380980cc19ef69795e6a9: VAX COFF executable not stripped
./.git/objects/de/31dc93f455cad60551c55829fc4e6f0593e054: VAX COFF executable not stripped - version 28395
./.git/objects/54/20cf321b39097ed0a441282f7c18169fc620b2: VAX COFF executable not stripped
./.git/objects/23/66095af736ceb57ff2a174e43175a533ec821d: VAX COFF executable not stripped - version 11681
./.git/objects/cc/dfbdd57955a53b94579af12d7a3878500135b6: VAX COFF executable not stripped
./.git/objects/be/5b94ea31fa38e1432511a2e775022e69ba694d: VAX COFF executable not stripped - version 10113
./.git/objects/55/579011bbfd26d4dde771cf0e5ddb5955a63956: VAX COFF executable - version 4820
./.git/objects/8a/cbd53ba7830e43431d3e7e5b1af1d49bace63e: VAX COFF executable
./.git/objects/pack/pack-94bb3201ad750c15879bb9553b5438d0bb71b5dd.pack: Git pack, version 2, 6 objects
./.git/objects/pack/pack-94bb3201ad750c15879bb9553b5438d0bb71b5dd.idx: Git pack index, version 2
./.git/objects/08/2b66ed8b458c7ccb0683f8efdf7622efeb07f4: VAX COFF executable not stripped - version 32180
./.git/objects/31/169c72430747f402ee25e07cee690c88b41131: VAX COFF executable
./.git/objects/39/592ca6ff86c1317d6b7a3e5246acd70ec2b530: VAX COFF executable
./.git/objects/56/ab5be70da79d1f83fb203af8e21bd55f1a70b9: VAX COFF executable not stripped
./.git/objects/f4/0ef2e23e4e95e02158df3e14d8f991e44b4705: VAX COFF executable - version 18800
./.git/objects/66/8675089e56d67ffe07cb3414d21a823fe433e8: VAX COFF executable not stripped - version 7025
./.git/objects/a8/7ef0082ee07fe58eafad96bfe93d8989fae484: VAX COFF executable not stripped - version 29256
./.git/objects/9e/da3fc1849643f720ad6446445dfb3396890d19: VAX COFF executable
./.git/objects/3d/6fa42b457953e3b71fbc5eea994568ee8e026c: VAX COFF executable not stripped - version 10123
./.git/hooks/applypatch-msg.sample: POSIX shell script, ASCII text executable
./.git/hooks/prepare-commit-msg.sample: POSIX shell script, ASCII text executable
./.git/hooks/update.sample: POSIX shell script, ASCII text executable
./.git/hooks/pre-commit.sample: POSIX shell script, ASCII text executable
./.git/hooks/pre-applypatch.sample: POSIX shell script, ASCII text executable
./.git/hooks/pre-receive.sample: POSIX shell script, ASCII text executable
./.git/hooks/post-update.sample: POSIX shell script, ASCII text executable
./.git/hooks/pre-push.sample: POSIX shell script, ASCII text executable
./.git/hooks/pre-rebase.sample: POSIX shell script, ASCII text executable
./.git/hooks/commit-msg.sample: POSIX shell script, ASCII text executable
./.git/index: Git index, version 2, 11 entries
./.git/logs/HEAD: UTF-8 Unicode text, with very long lines
./.git/logs/refs/heads/master: UTF-8 Unicode text, with very long lines
./.git/logs/refs/remotes/origin/HEAD: ASCII text
./.git/logs/refs/remotes/origin/master: ASCII text
./.git/description: ASCII text
./.git/COMMIT_EDITMSG: ASCII text
./.git/FETCH_HEAD: ASCII text
./.git/ORIG_HEAD: ASCII text
./.git/packed-refs: ASCII text
./getop: ELF 64-bit LSB executable, x86-64, version 1 (SYSV), dynamically linked, interpreter /lib64/ld-linux-x86-64.so.2, for GNU/Linux 2.6.32, BuildID[sha1]=d4554663c186c57862235ec4d813843f129d18fd, stripped
./getopt.c: C source, UTF-8 Unicode text
./memfree.sh: Bourne-Again shell script, UTF-8 Unicode text executable
./getopt.js: a /usr/bin/env node script, UTF-8 Unicode text executable
./npmpublish.yml: ASCII text
./log/crlfcheck.sh_real.log: ASCII text
./log/crlfcheck.sh.log: ASCII text
