LF,./hello.js
LF,./makeclean.sh
LF,./Makefile
LF,./crlfcheck.sh
LF,./sample.js
LF,./README.md
LF,./pg.sh
LF,./.git/info/exclude
LF,./.git/HEAD
LF,./.git/refs/heads/master
LF,./.git/refs/remotes/origin/HEAD
LF,./.git/refs/remotes/origin/master
LF,./.git/config
LF,./.git/objects/e0/0cee6d64424728a54934b6f02c49c34379b295
LF,./.git/objects/f2/7d5d2ef1ac85c500d76135f73e91e05cd13d19
LF,./.git/objects/f3/9118910d016b134c478037d6f2b950fceba0b9
LF,./.git/objects/f5/643de818b343fdcd64926feca250c42e36c69e
LF,./.git/objects/87/e407027bf2e9dbc9083b249db6827333f17edc
LF,./.git/objects/15/551e44a325ae2a4e0c3ae3921bf3ce59959bab
LF,./.git/objects/78/f32f50cd1694d9418a01d8e9a9b2b851bb3b74
LF,./.git/objects/6b/a17486f7d89adacdd074c6cd9f664375f5d1f6
LF,./.git/objects/9c/3e7538fce37f29170d6343923c79c8b69acd65
LF,./.git/objects/73/5bdc3eb6564a3085051f7fcdd88bb6fa18eaed
LF,./.git/objects/d6/84af386007c697571e21909bd637e365754f74
LF,./.git/objects/98/a522935828d1874ae4ea9b68945b9cf64b8baf
LF,./.git/objects/a9/f623b033e4826cccc632f510d9b5e62685dbc5
LF,./.git/objects/1e/5de3be40be8f214e3c8a88cad3860adccab1af
LF,./.git/objects/92/6ddf052bdbaa16f402011d4ef425c85bed9a30
LF,./.git/objects/0e/373f3968372868740181735551f78f399c5bf6
LF,./.git/objects/8e/be2b9536aea85fc7837aaf433c3a03f3624145
LF,./.git/objects/8e/16b3b26cd516060821204faa7a12e722a129f4
LF,./.git/objects/58/1f8bb55298c7cb6c425659e81851af87a68dd8
LF,./.git/objects/58/94aa7f775cbadea1e9a8a33dc18990c51f10c3
LF,./.git/objects/6f/e2f1563f85d14aa7229c37398460ba2997675f
LF,./.git/objects/81/764216dd6085fbe5fc2abc7109f6a7fcc429dc
LF,./.git/objects/81/6d72c4ba757d86ab799ad36684cc1c39210f66
LF,./.git/objects/83/32a2549da1deaa13e0920c406f171117cb5143
LF,./.git/objects/e3/afbe4d3a6e8b893e1c56f1c89b4349b4b8bd7a
LF,./.git/objects/e6/5c60a46039b5bc59603bf41beebae4e7407c4d
LF,./.git/objects/14/7c25f0fb6ac70092a49d7b5d654eaaf8825941
LF,./.git/objects/8f/407c4f58d6f7e55770bde06a4173b57a22b4ab
LF,./.git/objects/16/bb5a8c4b26f2f1f61b3d9ae5f8f1c279c547e0
LF,./.git/objects/2e/6ff322c3d8cdf14b5c19ba5a3513c328cff56d
LF,./.git/objects/01/2911646cad18e9c66ed1c1afd3557e64e957e1
LF,./.git/objects/4d/563a7b5a27b61b83b06b38999e346b080c5733
LF,./.git/objects/2a/3df30b92ef8753800eb7e9ea98454d109c795e
LF,./.git/objects/90/1379e1e8e00d6bf33836e78f7e77592851ca54
LF,./.git/objects/33/1f5f71f37c6833f1e784654fb32c5139c82d23
LF,./.git/objects/9a/efb766f57c1c73e72cf4f1235f8aacb442ed97
LF,./.git/objects/46/cc3012fbcea64c2efaa5928a81f8b731ee5f05
LF,./.git/objects/00/a4c72b55c0c1214776a808ff4b83619839b4fa
LF,./.git/objects/86/d6ee55b59daf49ec87ce9da18dd1745be3854b
LF,./.git/objects/21/f523e6f3dcc105179c9822a91eff30e64bef3b
LF,./.git/objects/5f/2ef692edfd14e8baaba7c8ee32bcd8c905dacf
LF,./.git/objects/5a/25e48b26558fb81af449a082ffe8209270d793
LF,./.git/objects/65/b0b5546092b9fcc48805f95f9647175cfadd4f
LF,./.git/objects/03/3bc9602fb506b51d7eaad6c925490ae5ed079c
LF,./.git/objects/d8/3c3ce8f3899c5cc7f302bc27bc73a2094d0bd9
LF,./.git/objects/6a/7bb843d3a24ebe8ed4871e2ba944c33158303f
LF,./.git/objects/9f/b58354a88d874d9f846108bac770a6224f31e0
LF,./.git/objects/6e/f592c9b53e86e86d8380980cc19ef69795e6a9
LF,./.git/objects/de/31dc93f455cad60551c55829fc4e6f0593e054
LF,./.git/objects/54/20cf321b39097ed0a441282f7c18169fc620b2
LF,./.git/objects/23/66095af736ceb57ff2a174e43175a533ec821d
LF,./.git/objects/cc/dfbdd57955a53b94579af12d7a3878500135b6
LF,./.git/objects/be/5b94ea31fa38e1432511a2e775022e69ba694d
LF,./.git/objects/55/579011bbfd26d4dde771cf0e5ddb5955a63956
LF,./.git/objects/8a/cbd53ba7830e43431d3e7e5b1af1d49bace63e
LF,./.git/objects/pack/pack-94bb3201ad750c15879bb9553b5438d0bb71b5dd.pack
LF,./.git/objects/pack/pack-94bb3201ad750c15879bb9553b5438d0bb71b5dd.idx
LF,./.git/objects/08/2b66ed8b458c7ccb0683f8efdf7622efeb07f4
LF,./.git/objects/31/169c72430747f402ee25e07cee690c88b41131
LF,./.git/objects/39/592ca6ff86c1317d6b7a3e5246acd70ec2b530
LF,./.git/objects/56/ab5be70da79d1f83fb203af8e21bd55f1a70b9
LF,./.git/objects/f4/0ef2e23e4e95e02158df3e14d8f991e44b4705
LF,./.git/objects/66/8675089e56d67ffe07cb3414d21a823fe433e8
LF,./.git/objects/a8/7ef0082ee07fe58eafad96bfe93d8989fae484
LF,./.git/objects/9e/da3fc1849643f720ad6446445dfb3396890d19
LF,./.git/objects/3d/6fa42b457953e3b71fbc5eea994568ee8e026c
LF,./.git/hooks/applypatch-msg.sample
LF,./.git/hooks/prepare-commit-msg.sample
LF,./.git/hooks/update.sample
LF,./.git/hooks/pre-commit.sample
LF,./.git/hooks/pre-applypatch.sample
LF,./.git/hooks/pre-receive.sample
LF,./.git/hooks/post-update.sample
LF,./.git/hooks/pre-push.sample
LF,./.git/hooks/pre-rebase.sample
LF,./.git/hooks/commit-msg.sample
LF,./.git/index
LF,./.git/logs/HEAD
LF,./.git/logs/refs/heads/master
LF,./.git/logs/refs/remotes/origin/HEAD
LF,./.git/logs/refs/remotes/origin/master
LF,./.git/description
LF,./.git/COMMIT_EDITMSG
LF,./.git/FETCH_HEAD
LF,./.git/ORIG_HEAD
LF,./.git/packed-refs
LF,./getop
LF,./getopt.c
LF,./memfree.sh
LF,./getopt.js
LF,./npmpublish.yml
LF,./log/crlfcheck.sh_real.log
LF,./log/crlfcheck.sh.log
